<?xml version="1.0" encoding="UTF-8"?>
<!-- Generated by org.testng.reporters.JUnitXMLReporter -->
<testsuite ignored="4" hostname="DESKTOP-BCN4IQB" failures="1" tests="29" name="Test" time="125.727" errors="0" timestamp="23 Jul 2023 09:50:10 GMT">
  <testcase classname="com.qa.salespos.scripts.POS_Login_TC" name="testPOS_Login_Step1" time="0.8"/>
  <testcase classname="com.qa.salespos.scripts.POS_Login_TC" name="testPOS_Login_Step2" time="2.581"/>
  <testcase classname="com.qa.salespos.scripts.POS_Login_TC" name="testPOS_Login_Step3" time="0.556"/>
  <testcase classname="com.qa.salespos.scripts.POS_Login_TC" name="testPOS_Login_Step4" time="0.726"/>
  <testcase classname="com.qa.salespos.scripts.POS_Login_TC" name="testPOS_Login_Step4" time="0.649"/>
  <testcase classname="com.qa.salespos.scripts.POS_Login_TC" name="testPOS_Login_Step4" time="0.622"/>
  <testcase classname="com.qa.salespos.scripts.POS_Login_TC" name="testPOS_Login_Step4" time="0.63"/>
  <testcase classname="com.qa.salespos.scripts.POS_Login_TC" name="testPOS_Login_Step4" time="0.726"/>
  <testcase classname="com.qa.salespos.scripts.POS_Login_TC" name="testPOS_Login_Step4" time="0.594"/>
  <testcase classname="com.qa.salespos.scripts.POS_Login_TC" name="testPOS_Login_Step4" time="0.627"/>
  <testcase classname="com.qa.salespos.scripts.POS_Login_TC" name="testPOS_Login_Step4" time="0.609"/>
  <testcase classname="com.qa.salespos.scripts.POS_Suppliers_01" name="testPOS_Suppliers_01_Step1" time="2.095"/>
  <testcase classname="com.qa.salespos.scripts.POS_Suppliers_01" name="testPOS_Suppliers_01_Step2n3" time="8.883"/>
  <testcase classname="com.qa.salespos.scripts.POS_Suppliers_01" name="testPOS_Suppliers_01_Step5" time="1.983"/>
  <testcase classname="com.qa.salespos.scripts.POS_Suppliers_01" name="testPOS_Suppliers_01_Step6" time="2.334"/>
  <testcase classname="com.qa.salespos.scripts.POS_Suppliers_01" name="testPOS_Suppliers_01_Step7" time="2.724"/>
  <testcase classname="com.qa.salespos.scripts.POS_Suppliers_01" name="testPOS_Suppliers_01_Step8" time="4.204"/>
  <testcase classname="com.qa.salespos.scripts.POS_Suppliers_01" name="testPOS_Suppliers_01_Step9" time="4.655"/>
  <testcase classname="com.qa.salespos.scripts.POS_Suppliers_01" name="testPOS_Suppliers_01_Step10" time="4.843"/>
  <testcase classname="com.qa.salespos.scripts.POS_Suppliers_01" name="testPOS_Suppliers_01_Step11" time="5.18"/>
  <testcase classname="com.qa.salespos.scripts.POS_Suppliers_01" name="testPOS_Suppliers_01_Step12" time="0.363"/>
  <testcase classname="com.qa.salespos.scripts.POS_Suppliers_01" name="testPOS_Suppliers_01_Step13" time="1.442"/>
  <testcase classname="com.qa.salespos.scripts.POS_Suppliers_01" name="testPOS_Suppliers_01_Step14" time="2.211"/>
  <testcase classname="com.qa.salespos.scripts.POS_Suppliers_01" name="testPOS_Suppliers_01_Step15n16" time="0.953"/>
  <testcase classname="com.qa.salespos.scripts.POS_Suppliers_01" name="testPOS_Suppliers_01_Step17" time="45.03"/>
  <testcase classname="com.qa.salespos.scripts.POS_Suppliers_01" name="testPOS_Suppliers_01_Step18n19" time="2.243"/>
  <testcase classname="com.qa.salespos.scripts.POS_Suppliers_01" name="testPOS_Suppliers_01_Step20" time="0.223">
    <failure type="org.openqa.selenium.NoAlertPresentException" message="no such alert
  (Session info: chrome=114.0.5735.248)
Build info: version: &amp;apos;4.9.0&amp;apos;, revision: &amp;apos;d7057100a6&amp;apos;
System info: os.name: &amp;apos;Windows 10&amp;apos;, os.arch: &amp;apos;amd64&amp;apos;, os.version: &amp;apos;10.0&amp;apos;, java.version: &amp;apos;19.0.1&amp;apos;
Driver info: org.openqa.selenium.chrome.ChromeDriver
Command: [16f8013523ea0b92b0f570c36e3b1668, getAlertText {}]
Capabilities {acceptInsecureCerts: false, browserName: chrome, browserVersion: 114.0.5735.248, chrome: {chromedriverVersion: 114.0.5735.90 (386bc09e8f4f..., userDataDir: C:\Users\ACER\AppData\Local...}, goog:chromeOptions: {debuggerAddress: localhost:53275}, networkConnectionEnabled: false, pageLoadStrategy: normal, platformName: WINDOWS, proxy: Proxy(), se:cdp: ws://localhost:53275/devtoo..., se:cdpVersion: 114.0.5735.248, setWindowRect: true, strictFileInteractability: false, timeouts: {implicit: 0, pageLoad: 300000, script: 30000}, unhandledPromptBehavior: dismiss and notify, webauthn:extension:credBlob: true, webauthn:extension:largeBlob: true, webauthn:extension:minPinLength: true, webauthn:extension:prf: true, webauthn:virtualAuthenticators: true}
Session ID: 16f8013523ea0b92b0f570c36e3b1668">
      <![CDATA[org.openqa.selenium.NoAlertPresentException: no such alert
  (Session info: chrome=114.0.5735.248)
Build info: version: '4.9.0', revision: 'd7057100a6'
System info: os.name: 'Windows 10', os.arch: 'amd64', os.version: '10.0', java.version: '19.0.1'
Driver info: org.openqa.selenium.chrome.ChromeDriver
Command: [16f8013523ea0b92b0f570c36e3b1668, getAlertText {}]
Capabilities {acceptInsecureCerts: false, browserName: chrome, browserVersion: 114.0.5735.248, chrome: {chromedriverVersion: 114.0.5735.90 (386bc09e8f4f..., userDataDir: C:\Users\ACER\AppData\Local...}, goog:chromeOptions: {debuggerAddress: localhost:53275}, networkConnectionEnabled: false, pageLoadStrategy: normal, platformName: WINDOWS, proxy: Proxy(), se:cdp: ws://localhost:53275/devtoo..., se:cdpVersion: 114.0.5735.248, setWindowRect: true, strictFileInteractability: false, timeouts: {implicit: 0, pageLoad: 300000, script: 30000}, unhandledPromptBehavior: dismiss and notify, webauthn:extension:credBlob: true, webauthn:extension:largeBlob: true, webauthn:extension:minPinLength: true, webauthn:extension:prf: true, webauthn:virtualAuthenticators: true}
Session ID: 16f8013523ea0b92b0f570c36e3b1668
at org.openqa.selenium.remote.codec.w3c.W3CHttpResponseCodec.createException(W3CHttpResponseCodec.java:200)
at org.openqa.selenium.remote.codec.w3c.W3CHttpResponseCodec.decode(W3CHttpResponseCodec.java:133)
at org.openqa.selenium.remote.codec.w3c.W3CHttpResponseCodec.decode(W3CHttpResponseCodec.java:53)
at org.openqa.selenium.remote.HttpCommandExecutor.execute(HttpCommandExecutor.java:193)
at org.openqa.selenium.remote.service.DriverCommandExecutor.invokeExecute(DriverCommandExecutor.java:183)
at org.openqa.selenium.remote.service.DriverCommandExecutor.execute(DriverCommandExecutor.java:158)
at org.openqa.selenium.remote.RemoteWebDriver.execute(RemoteWebDriver.java:543)
at org.openqa.selenium.remote.RemoteWebDriver.execute(RemoteWebDriver.java:598)
at org.openqa.selenium.remote.RemoteWebDriver.execute(RemoteWebDriver.java:602)
at org.openqa.selenium.remote.RemoteWebDriver$RemoteTargetLocator.alert(RemoteWebDriver.java:1079)
at org.openqa.selenium.support.decorators.WebDriverDecorator.call(WebDriverDecorator.java:247)
at org.openqa.selenium.support.decorators.DefaultDecorated.call(DefaultDecorated.java:48)
at org.openqa.selenium.support.decorators.WebDriverDecorator.lambda$createProxy$2(WebDriverDecorator.java:314)
at net.bytebuddy.renamed.java.lang.Object$ByteBuddy$aNpftVrD.alert(Unknown Source)
at com.qa.salespos.scripts.POS_Suppliers_01.testPOS_Suppliers_01_Step20(POS_Suppliers_01.java:321)
... Removed 28 stack frames]]>
    </failure>
  </testcase> <!-- testPOS_Suppliers_01_Step20 -->
  <testcase classname="com.qa.salespos.scripts.POS_Suppliers_01" name="testPOS_Suppliers_01_Step22n23" time="11.621"/>
  <testcase classname="com.qa.salespos.scripts.POS_Suppliers_01" name="testPOS_Suppliers_01_Step24n25" time="4.879"/>
  <testcase classname="com.qa.salespos.generic.QA_BaseTest" name="@AfterSuite generateReport" time="0.0">
    <ignored/>
  </testcase> <!-- @AfterSuite generateReport -->
  <testcase classname="com.qa.salespos.scripts.POS_Suppliers_01" name="testPOS_Suppliers_01_Step4" time="0.0">
    <ignored/>
  </testcase> <!-- testPOS_Suppliers_01_Step4 -->
  <testcase classname="com.qa.salespos.scripts.POS_Suppliers_01" name="testPOS_Suppliers_01_Step21" time="0.0">
    <ignored/>
  </testcase> <!-- testPOS_Suppliers_01_Step21 -->
  <testcase classname="com.qa.salespos.generic.QA_BaseTest" name="@BeforeSuite intReport" time="0.0">
    <ignored/>
  </testcase> <!-- @BeforeSuite intReport -->
</testsuite> <!-- Test -->
