<?xml version="1.0" encoding="UTF-8"?>
<!-- Generated by org.testng.reporters.JUnitReportReporter -->
<testsuite hostname="DESKTOP-BCN4IQB" failures="0" tests="20" name="com.qa.salespos.scripts.POS_Suppliers_01" time="106.392" errors="1" timestamp="23 Jul 2023 09:50:11 GMT" skipped="2">
  <testcase classname="com.qa.salespos.scripts.POS_Suppliers_01" name="testPOS_Suppliers_01_Step1" time="2.113"/>
  <testcase classname="com.qa.salespos.scripts.POS_Suppliers_01" name="testPOS_Suppliers_01_Step2n3" time="8.907"/>
  <testcase classname="com.qa.salespos.scripts.POS_Suppliers_01" name="testPOS_Suppliers_01_Step5" time="2.130"/>
  <testcase classname="com.qa.salespos.scripts.POS_Suppliers_01" name="testPOS_Suppliers_01_Step6" time="2.354"/>
  <testcase classname="com.qa.salespos.scripts.POS_Suppliers_01" name="testPOS_Suppliers_01_Step7" time="2.752"/>
  <testcase classname="com.qa.salespos.scripts.POS_Suppliers_01" name="testPOS_Suppliers_01_Step8" time="4.212"/>
  <testcase classname="com.qa.salespos.scripts.POS_Suppliers_01" name="testPOS_Suppliers_01_Step9" time="4.687"/>
  <testcase classname="com.qa.salespos.scripts.POS_Suppliers_01" name="testPOS_Suppliers_01_Step10" time="4.861"/>
  <testcase classname="com.qa.salespos.scripts.POS_Suppliers_01" name="testPOS_Suppliers_01_Step11" time="5.204"/>
  <testcase classname="com.qa.salespos.scripts.POS_Suppliers_01" name="testPOS_Suppliers_01_Step12" time="0.387"/>
  <testcase classname="com.qa.salespos.scripts.POS_Suppliers_01" name="testPOS_Suppliers_01_Step13" time="1.459"/>
  <testcase classname="com.qa.salespos.scripts.POS_Suppliers_01" name="testPOS_Suppliers_01_Step14" time="2.233"/>
  <testcase classname="com.qa.salespos.scripts.POS_Suppliers_01" name="testPOS_Suppliers_01_Step15n16" time="0.992"/>
  <testcase classname="com.qa.salespos.scripts.POS_Suppliers_01" name="testPOS_Suppliers_01_Step17" time="45.046"/>
  <testcase classname="com.qa.salespos.scripts.POS_Suppliers_01" name="testPOS_Suppliers_01_Step18n19" time="2.262"/>
  <testcase classname="com.qa.salespos.scripts.POS_Suppliers_01" name="testPOS_Suppliers_01_Step20" time="0.231">
    <error message="no such alert
  (Session info: chrome=114.0.5735.248)
Build info: version: &#039;4.9.0&#039;, revision: &#039;d7057100a6&#039;
System info: os.name: &#039;Windows 10&#039;, os.arch: &#039;amd64&#039;, os.version: &#039;10.0&#039;, java.version: &#039;19.0.1&#039;
Driver info: org.openqa.selenium.chrome.ChromeDriver
Command: [16f8013523ea0b92b0f570c36e3b1668, getAlertText {}]
Capabilities {acceptInsecureCerts: false, browserName: chrome, browserVersion: 114.0.5735.248, chrome: {chromedriverVersion: 114.0.5735.90 (386bc09e8f4f..., userDataDir: C:\Users\ACER\AppData\Local...}, goog:chromeOptions: {debuggerAddress: localhost:53275}, networkConnectionEnabled: false, pageLoadStrategy: normal, platformName: WINDOWS, proxy: Proxy(), se:cdp: ws://localhost:53275/devtoo..., se:cdpVersion: 114.0.5735.248, setWindowRect: true, strictFileInteractability: false, timeouts: {implicit: 0, pageLoad: 300000, script: 30000}, unhandledPromptBehavior: dismiss and notify, webauthn:extension:credBlob: true, webauthn:extension:largeBlob: true, webauthn:extension:minPinLength: true, webauthn:extension:prf: true, webauthn:virtualAuthenticators: true}
Session ID: 16f8013523ea0b92b0f570c36e3b1668" type="org.openqa.selenium.NoAlertPresentException">
      <![CDATA[org.openqa.selenium.NoAlertPresentException: no such alert
  (Session info: chrome=114.0.5735.248)
Build info: version: '4.9.0', revision: 'd7057100a6'
System info: os.name: 'Windows 10', os.arch: 'amd64', os.version: '10.0', java.version: '19.0.1'
Driver info: org.openqa.selenium.chrome.ChromeDriver
Command: [16f8013523ea0b92b0f570c36e3b1668, getAlertText {}]
Capabilities {acceptInsecureCerts: false, browserName: chrome, browserVersion: 114.0.5735.248, chrome: {chromedriverVersion: 114.0.5735.90 (386bc09e8f4f..., userDataDir: C:\Users\ACER\AppData\Local...}, goog:chromeOptions: {debuggerAddress: localhost:53275}, networkConnectionEnabled: false, pageLoadStrategy: normal, platformName: WINDOWS, proxy: Proxy(), se:cdp: ws://localhost:53275/devtoo..., se:cdpVersion: 114.0.5735.248, setWindowRect: true, strictFileInteractability: false, timeouts: {implicit: 0, pageLoad: 300000, script: 30000}, unhandledPromptBehavior: dismiss and notify, webauthn:extension:credBlob: true, webauthn:extension:largeBlob: true, webauthn:extension:minPinLength: true, webauthn:extension:prf: true, webauthn:virtualAuthenticators: true}
Session ID: 16f8013523ea0b92b0f570c36e3b1668
at java.base/jdk.internal.reflect.DirectConstructorHandleAccessor.newInstance(DirectConstructorHandleAccessor.java:67)
at java.base/java.lang.reflect.Constructor.newInstanceWithCaller(Constructor.java:500)
at java.base/java.lang.reflect.Constructor.newInstance(Constructor.java:484)
at org.openqa.selenium.remote.codec.w3c.W3CHttpResponseCodec.createException(W3CHttpResponseCodec.java:200)
at org.openqa.selenium.remote.codec.w3c.W3CHttpResponseCodec.decode(W3CHttpResponseCodec.java:133)
at org.openqa.selenium.remote.codec.w3c.W3CHttpResponseCodec.decode(W3CHttpResponseCodec.java:53)
at org.openqa.selenium.remote.HttpCommandExecutor.execute(HttpCommandExecutor.java:193)
at org.openqa.selenium.remote.service.DriverCommandExecutor.invokeExecute(DriverCommandExecutor.java:183)
at org.openqa.selenium.remote.service.DriverCommandExecutor.execute(DriverCommandExecutor.java:158)
at org.openqa.selenium.remote.RemoteWebDriver.execute(RemoteWebDriver.java:543)
at org.openqa.selenium.remote.RemoteWebDriver.execute(RemoteWebDriver.java:598)
at org.openqa.selenium.remote.RemoteWebDriver.execute(RemoteWebDriver.java:602)
at org.openqa.selenium.remote.RemoteWebDriver$RemoteTargetLocator.alert(RemoteWebDriver.java:1079)
at java.base/jdk.internal.reflect.DirectMethodHandleAccessor.invoke(DirectMethodHandleAccessor.java:104)
at java.base/java.lang.reflect.Method.invoke(Method.java:578)
at org.openqa.selenium.support.decorators.WebDriverDecorator.call(WebDriverDecorator.java:247)
at org.openqa.selenium.support.decorators.DefaultDecorated.call(DefaultDecorated.java:48)
at org.openqa.selenium.support.decorators.WebDriverDecorator.lambda$createProxy$2(WebDriverDecorator.java:314)
at net.bytebuddy.renamed.java.lang.Object$ByteBuddy$aNpftVrD.alert(Unknown Source)
at com.qa.salespos.scripts.POS_Suppliers_01.testPOS_Suppliers_01_Step20(POS_Suppliers_01.java:321)
at java.base/jdk.internal.reflect.DirectMethodHandleAccessor.invoke(DirectMethodHandleAccessor.java:104)
at java.base/java.lang.reflect.Method.invoke(Method.java:578)
at org.testng.internal.MethodInvocationHelper.invokeMethod(MethodInvocationHelper.java:124)
at org.testng.internal.Invoker.invokeMethod(Invoker.java:583)
at org.testng.internal.Invoker.invokeTestMethod(Invoker.java:719)
at org.testng.internal.Invoker.invokeTestMethods(Invoker.java:989)
at org.testng.internal.TestMethodWorker.invokeTestMethods(TestMethodWorker.java:125)
at org.testng.internal.TestMethodWorker.run(TestMethodWorker.java:109)
at org.testng.TestRunner.privateRun(TestRunner.java:648)
at org.testng.TestRunner.run(TestRunner.java:505)
at org.testng.SuiteRunner.runTest(SuiteRunner.java:455)
at org.testng.SuiteRunner.runSequentially(SuiteRunner.java:450)
at org.testng.SuiteRunner.privateRun(SuiteRunner.java:415)
at org.testng.SuiteRunner.run(SuiteRunner.java:364)
at org.testng.SuiteRunnerWorker.runSuite(SuiteRunnerWorker.java:52)
at org.testng.SuiteRunnerWorker.run(SuiteRunnerWorker.java:84)
at org.testng.TestNG.runSuitesSequentially(TestNG.java:1208)
at org.testng.TestNG.runSuitesLocally(TestNG.java:1137)
at org.testng.TestNG.runSuites(TestNG.java:1049)
at org.testng.TestNG.run(TestNG.java:1017)
at org.testng.remote.AbstractRemoteTestNG.run(AbstractRemoteTestNG.java:115)
at org.testng.remote.RemoteTestNG.initAndRun(RemoteTestNG.java:251)
at org.testng.remote.RemoteTestNG.main(RemoteTestNG.java:77)
]]>
    </error>
  </testcase> <!-- testPOS_Suppliers_01_Step20 -->
  <testcase classname="com.qa.salespos.scripts.POS_Suppliers_01" name="testPOS_Suppliers_01_Step22n23" time="11.661"/>
  <testcase classname="com.qa.salespos.scripts.POS_Suppliers_01" name="testPOS_Suppliers_01_Step24n25" time="4.901"/>
  <testcase classname="com.qa.salespos.scripts.POS_Suppliers_01" name="testPOS_Suppliers_01_Step4">
    <skipped/>
  </testcase> <!-- testPOS_Suppliers_01_Step4 -->
  <testcase classname="com.qa.salespos.scripts.POS_Suppliers_01" name="testPOS_Suppliers_01_Step21">
    <skipped/>
  </testcase> <!-- testPOS_Suppliers_01_Step21 -->
</testsuite> <!-- com.qa.salespos.scripts.POS_Suppliers_01 -->
